<?xml version="1.0" encoding="UTF-8"?>
<!-- Generated by org.testng.reporters.JUnitReportReporter -->
<testsuite hostname="DESKTOP-F7T99EU" failures="0" tests="2" name="loginTestCases" time="29.139" errors="0" timestamp="2024-01-18T19:53:40 EET" skipped="1">
  <testcase classname="loginTestCases" name="loginTestHappy" time="29.139"/>
  <system-out/>
  <testcase classname="loginTestCases" name="loginTestSad">
    <skipped/>
  </testcase> <!-- loginTestSad -->
  <system-out/>
</testsuite> <!-- loginTestCases -->
