<?xml version="1.0" encoding="UTF-8"?>
<!-- Generated by org.testng.reporters.JUnitReportReporter -->
<testsuite hostname="DESKTOP-F7T99EU" failures="0" tests="5" name="ProductsTestCases" time="0.017" errors="0" timestamp="2024-01-18T19:53:40 EET" skipped="4">
  <testcase classname="ProductsTestCases" name="CheckButtonsNotClicked" time="0.017"/>
  <system-out/>
  <testcase classname="ProductsTestCases" name="CheckdescriptionOfProduct">
    <skipped/>
  </testcase> <!-- CheckdescriptionOfProduct -->
  <system-out/>
  <testcase classname="ProductsTestCases" name="checkPricesOfproducts">
    <skipped/>
  </testcase> <!-- checkPricesOfproducts -->
  <system-out/>
  <testcase classname="ProductsTestCases" name="AddALLItems">
    <skipped/>
  </testcase> <!-- AddALLItems -->
  <system-out/>
  <testcase classname="ProductsTestCases" name="CheckImageVisiblty">
    <skipped/>
  </testcase> <!-- CheckImageVisiblty -->
  <system-out/>
</testsuite> <!-- ProductsTestCases -->
